[2025-03-19T21:23:23.898+0000] {taskinstance.py:1157} INFO - Dependencies all met for dep_context=non-requeueable deps ti=<TaskInstance: faud_detection_pipeline.run_fraud_detection scheduled__2023-10-25T19:00:00+00:00 [queued]>
[2025-03-19T21:23:24.103+0000] {taskinstance.py:1157} INFO - Dependencies all met for dep_context=requeueable deps ti=<TaskInstance: faud_detection_pipeline.run_fraud_detection scheduled__2023-10-25T19:00:00+00:00 [queued]>
[2025-03-19T21:23:24.121+0000] {taskinstance.py:1359} INFO - Starting attempt 1 of 1
[2025-03-19T21:23:24.199+0000] {taskinstance.py:1380} INFO - Executing <Task(PythonOperator): run_fraud_detection> on 2023-10-25 19:00:00+00:00
[2025-03-19T21:23:24.219+0000] {standard_task_runner.py:57} INFO - Started process 8754 to run task
[2025-03-19T21:23:24.241+0000] {standard_task_runner.py:84} INFO - Running: ['***', 'tasks', 'run', 'faud_detection_pipeline', 'run_fraud_detection', 'scheduled__2023-10-25T19:00:00+00:00', '--job-id', '3376', '--raw', '--subdir', 'DAGS_FOLDER/dag_1.py', '--cfg-path', '/tmp/tmpwmxln079']
[2025-03-19T21:23:24.250+0000] {standard_task_runner.py:85} INFO - Job 3376: Subtask run_fraud_detection
[2025-03-19T21:23:24.563+0000] {task_command.py:415} INFO - Running <TaskInstance: faud_detection_pipeline.run_fraud_detection scheduled__2023-10-25T19:00:00+00:00 [running]> on host 445fc0f18383
[2025-03-19T21:23:25.061+0000] {taskinstance.py:1660} INFO - Exporting env vars: AIRFLOW_CTX_DAG_OWNER='***' AIRFLOW_CTX_DAG_ID='faud_detection_pipeline' AIRFLOW_CTX_TASK_ID='run_fraud_detection' AIRFLOW_CTX_EXECUTION_DATE='2023-10-25T19:00:00+00:00' AIRFLOW_CTX_TRY_NUMBER='1' AIRFLOW_CTX_DAG_RUN_ID='scheduled__2023-10-25T19:00:00+00:00'
[2025-03-19T21:23:25.166+0000] {taskinstance.py:1935} ERROR - Task failed with exception
Traceback (most recent call last):
  File "/home/airflow/.local/lib/python3.8/site-packages/airflow/operators/python.py", line 192, in execute
    return_value = self.execute_callable()
  File "/home/airflow/.local/lib/python3.8/site-packages/airflow/operators/python.py", line 209, in execute_callable
    return self.python_callable(*self.op_args, **self.op_kwargs)
  File "/opt/airflow/dags/dag_1.py", line 157, in run_fraud_detection
    subprocess.run(["hive", "-e", query])
  File "/usr/local/lib/python3.8/subprocess.py", line 493, in run
    with Popen(*popenargs, **kwargs) as process:
  File "/usr/local/lib/python3.8/subprocess.py", line 858, in __init__
    self._execute_child(args, executable, preexec_fn, close_fds,
  File "/usr/local/lib/python3.8/subprocess.py", line 1720, in _execute_child
    raise child_exception_type(errno_num, err_msg, err_filename)
PermissionError: [Errno 13] Permission denied: 'hive'
[2025-03-19T21:23:25.236+0000] {taskinstance.py:1398} INFO - Marking task as FAILED. dag_id=faud_detection_pipeline, task_id=run_fraud_detection, execution_date=20231025T190000, start_date=20250319T212323, end_date=20250319T212325
[2025-03-19T21:23:25.370+0000] {standard_task_runner.py:104} ERROR - Failed to execute job 3376 for task run_fraud_detection ([Errno 13] Permission denied: 'hive'; 8754)
[2025-03-19T21:23:25.429+0000] {local_task_job_runner.py:228} INFO - Task exited with return code 1
[2025-03-19T21:23:25.519+0000] {taskinstance.py:2776} INFO - 0 downstream tasks scheduled from follow-on schedule check
