[2025-03-19T12:41:35.411+0000] {taskinstance.py:1157} INFO - Dependencies all met for dep_context=non-requeueable deps ti=<TaskInstance: fraud_detection_pipeline.store_data_hdfs scheduled__2023-10-11T13:00:00+00:00 [queued]>
[2025-03-19T12:41:35.424+0000] {taskinstance.py:1157} INFO - Dependencies all met for dep_context=requeueable deps ti=<TaskInstance: fraud_detection_pipeline.store_data_hdfs scheduled__2023-10-11T13:00:00+00:00 [queued]>
[2025-03-19T12:41:35.425+0000] {taskinstance.py:1359} INFO - Starting attempt 1 of 2
[2025-03-19T12:41:35.445+0000] {taskinstance.py:1380} INFO - Executing <Task(BashOperator): store_data_hdfs> on 2023-10-11 13:00:00+00:00
[2025-03-19T12:41:35.454+0000] {standard_task_runner.py:57} INFO - Started process 9588 to run task
[2025-03-19T12:41:35.458+0000] {standard_task_runner.py:84} INFO - Running: ['***', 'tasks', 'run', 'fraud_detection_pipeline', 'store_data_hdfs', 'scheduled__2023-10-11T13:00:00+00:00', '--job-id', '834', '--raw', '--subdir', 'DAGS_FOLDER/dag_1.py', '--cfg-path', '/tmp/tmpis146k7v']
[2025-03-19T12:41:35.462+0000] {standard_task_runner.py:85} INFO - Job 834: Subtask store_data_hdfs
[2025-03-19T12:41:35.532+0000] {task_command.py:415} INFO - Running <TaskInstance: fraud_detection_pipeline.store_data_hdfs scheduled__2023-10-11T13:00:00+00:00 [running]> on host 0009f5fb76aa
[2025-03-19T12:41:35.628+0000] {taskinstance.py:1660} INFO - Exporting env vars: AIRFLOW_CTX_DAG_OWNER='***' AIRFLOW_CTX_DAG_ID='fraud_detection_pipeline' AIRFLOW_CTX_TASK_ID='store_data_hdfs' AIRFLOW_CTX_EXECUTION_DATE='2023-10-11T13:00:00+00:00' AIRFLOW_CTX_TRY_NUMBER='1' AIRFLOW_CTX_DAG_RUN_ID='scheduled__2023-10-11T13:00:00+00:00'
[2025-03-19T12:41:35.631+0000] {subprocess.py:63} INFO - Tmp dir root location: /tmp
[2025-03-19T12:41:35.632+0000] {subprocess.py:75} INFO - Running command: ['/bin/bash', '-c', 'docker cp /tmp/transactions.json namenode:/tmp/transactions.json && docker cp /tmp/customers.json namenode:/tmp/customers.json && docker cp /tmp/external_data.json namenode:/tmp/external_data.json && rm -rf /tmp/external_data.json  && rm -rf /tmp/customers.json  && rm -rf /tmp/transactions.json  && docker exec namenode bash -c "hdfs dfs -mkdir -p /data && hdfs dfs -put -f /tmp/transactions.json /data/transactions.json && hdfs dfs -put -f /tmp/customers.json /data/customers.json && hdfs dfs -put -f /tmp/external_data.json /data/external_data.json && rm -rf /tmp/customers.json  && rm -rf /tmp/customers.json  && rm -rf /tmp/external_data.json "']
[2025-03-19T12:41:35.645+0000] {subprocess.py:86} INFO - Output:
[2025-03-19T12:41:35.876+0000] {subprocess.py:93} INFO - time="2025-03-19T12:41:35Z" level=error msg="Can't add file /tmp/external_data.json to tar: open /tmp/external_data.json: no such file or directory"
[2025-03-19T12:41:35.881+0000] {subprocess.py:93} INFO - time="2025-03-19T12:41:35Z" level=error msg="Can't close tar writer: archive/tar: missed writing 2598 bytes"
[2025-03-19T12:41:35.882+0000] {subprocess.py:93} INFO - error during connect: Put "http://%2Fvar%2Frun%2Fdocker.sock/v1.41/containers/namenode/archive?noOverwriteDirNonDir=true&path=%2Ftmp": unexpected EOF
[2025-03-19T12:41:35.884+0000] {subprocess.py:97} INFO - Command exited with return code 1
[2025-03-19T12:41:35.903+0000] {taskinstance.py:1935} ERROR - Task failed with exception
Traceback (most recent call last):
  File "/home/airflow/.local/lib/python3.8/site-packages/airflow/operators/bash.py", line 210, in execute
    raise AirflowException(
airflow.exceptions.AirflowException: Bash command failed. The command returned a non-zero exit code 1.
[2025-03-19T12:41:35.909+0000] {taskinstance.py:1398} INFO - Marking task as UP_FOR_RETRY. dag_id=fraud_detection_pipeline, task_id=store_data_hdfs, execution_date=20231011T130000, start_date=20250319T124135, end_date=20250319T124135
[2025-03-19T12:41:35.938+0000] {standard_task_runner.py:104} ERROR - Failed to execute job 834 for task store_data_hdfs (Bash command failed. The command returned a non-zero exit code 1.; 9588)
[2025-03-19T12:41:35.997+0000] {local_task_job_runner.py:228} INFO - Task exited with return code 1
[2025-03-19T12:41:36.041+0000] {taskinstance.py:2776} INFO - 0 downstream tasks scheduled from follow-on schedule check
