[2025-03-19T17:15:28.385+0000] {taskinstance.py:1157} INFO - Dependencies all met for dep_context=non-requeueable deps ti=<TaskInstance: faud_detection_pipeline.run_fraud_detection scheduled__2023-10-11T07:00:00+00:00 [queued]>
[2025-03-19T17:15:28.428+0000] {taskinstance.py:1157} INFO - Dependencies all met for dep_context=requeueable deps ti=<TaskInstance: faud_detection_pipeline.run_fraud_detection scheduled__2023-10-11T07:00:00+00:00 [queued]>
[2025-03-19T17:15:28.430+0000] {taskinstance.py:1359} INFO - Starting attempt 2 of 2
[2025-03-19T17:15:28.500+0000] {taskinstance.py:1380} INFO - Executing <Task(PythonOperator): run_fraud_detection> on 2023-10-11 07:00:00+00:00
[2025-03-19T17:15:28.520+0000] {standard_task_runner.py:57} INFO - Started process 31385 to run task
[2025-03-19T17:15:28.531+0000] {standard_task_runner.py:84} INFO - Running: ['***', 'tasks', 'run', 'faud_detection_pipeline', 'run_fraud_detection', 'scheduled__2023-10-11T07:00:00+00:00', '--job-id', '2212', '--raw', '--subdir', 'DAGS_FOLDER/dag_1.py', '--cfg-path', '/tmp/tmpof0fovg1']
[2025-03-19T17:15:28.566+0000] {standard_task_runner.py:85} INFO - Job 2212: Subtask run_fraud_detection
[2025-03-19T17:15:28.720+0000] {task_command.py:415} INFO - Running <TaskInstance: faud_detection_pipeline.run_fraud_detection scheduled__2023-10-11T07:00:00+00:00 [running]> on host 0009f5fb76aa
[2025-03-19T17:15:28.937+0000] {taskinstance.py:1660} INFO - Exporting env vars: AIRFLOW_CTX_DAG_OWNER='***' AIRFLOW_CTX_DAG_ID='faud_detection_pipeline' AIRFLOW_CTX_TASK_ID='run_fraud_detection' AIRFLOW_CTX_EXECUTION_DATE='2023-10-11T07:00:00+00:00' AIRFLOW_CTX_TRY_NUMBER='2' AIRFLOW_CTX_DAG_RUN_ID='scheduled__2023-10-11T07:00:00+00:00'
[2025-03-19T17:15:28.956+0000] {taskinstance.py:1935} ERROR - Task failed with exception
Traceback (most recent call last):
  File "/home/airflow/.local/lib/python3.8/site-packages/airflow/operators/python.py", line 192, in execute
    return_value = self.execute_callable()
  File "/home/airflow/.local/lib/python3.8/site-packages/airflow/operators/python.py", line 209, in execute_callable
    return self.python_callable(*self.op_args, **self.op_kwargs)
  File "/opt/airflow/dags/dag_1.py", line 124, in run_fraud_detection
    subprocess.run(["hive", "-e", query])
  File "/usr/local/lib/python3.8/subprocess.py", line 493, in run
    with Popen(*popenargs, **kwargs) as process:
  File "/usr/local/lib/python3.8/subprocess.py", line 858, in __init__
    self._execute_child(args, executable, preexec_fn, close_fds,
  File "/usr/local/lib/python3.8/subprocess.py", line 1720, in _execute_child
    raise child_exception_type(errno_num, err_msg, err_filename)
PermissionError: [Errno 13] Permission denied: 'hive'
[2025-03-19T17:15:28.986+0000] {taskinstance.py:1398} INFO - Marking task as FAILED. dag_id=faud_detection_pipeline, task_id=run_fraud_detection, execution_date=20231011T070000, start_date=20250319T171528, end_date=20250319T171528
[2025-03-19T17:15:29.021+0000] {standard_task_runner.py:104} ERROR - Failed to execute job 2212 for task run_fraud_detection ([Errno 13] Permission denied: 'hive'; 31385)
[2025-03-19T17:15:29.038+0000] {local_task_job_runner.py:228} INFO - Task exited with return code 1
[2025-03-19T17:15:29.108+0000] {taskinstance.py:2776} INFO - 0 downstream tasks scheduled from follow-on schedule check
