[2025-03-19T21:32:40.993+0000] {taskinstance.py:1157} INFO - Dependencies all met for dep_context=non-requeueable deps ti=<TaskInstance: fraud_detection_pipeline.run_fraud_detection scheduled__2025-03-18T00:00:00+00:00 [queued]>
[2025-03-19T21:32:41.006+0000] {taskinstance.py:1157} INFO - Dependencies all met for dep_context=requeueable deps ti=<TaskInstance: fraud_detection_pipeline.run_fraud_detection scheduled__2025-03-18T00:00:00+00:00 [queued]>
[2025-03-19T21:32:41.007+0000] {taskinstance.py:1359} INFO - Starting attempt 1 of 1
[2025-03-19T21:32:41.027+0000] {taskinstance.py:1380} INFO - Executing <Task(PythonOperator): run_fraud_detection> on 2025-03-18 00:00:00+00:00
[2025-03-19T21:32:41.035+0000] {standard_task_runner.py:57} INFO - Started process 11717 to run task
[2025-03-19T21:32:41.040+0000] {standard_task_runner.py:84} INFO - Running: ['***', 'tasks', 'run', 'fraud_detection_pipeline', 'run_fraud_detection', 'scheduled__2025-03-18T00:00:00+00:00', '--job-id', '3492', '--raw', '--subdir', 'DAGS_FOLDER/dag_1.py', '--cfg-path', '/tmp/tmpilq7agwq']
[2025-03-19T21:32:41.044+0000] {standard_task_runner.py:85} INFO - Job 3492: Subtask run_fraud_detection
[2025-03-19T21:32:41.106+0000] {task_command.py:415} INFO - Running <TaskInstance: fraud_detection_pipeline.run_fraud_detection scheduled__2025-03-18T00:00:00+00:00 [running]> on host 445fc0f18383
[2025-03-19T21:32:41.210+0000] {taskinstance.py:1660} INFO - Exporting env vars: AIRFLOW_CTX_DAG_OWNER='***' AIRFLOW_CTX_DAG_ID='fraud_detection_pipeline' AIRFLOW_CTX_TASK_ID='run_fraud_detection' AIRFLOW_CTX_EXECUTION_DATE='2025-03-18T00:00:00+00:00' AIRFLOW_CTX_TRY_NUMBER='1' AIRFLOW_CTX_DAG_RUN_ID='scheduled__2025-03-18T00:00:00+00:00'
[2025-03-19T21:32:41.233+0000] {taskinstance.py:1935} ERROR - Task failed with exception
Traceback (most recent call last):
  File "/home/airflow/.local/lib/python3.8/site-packages/airflow/operators/python.py", line 192, in execute
    return_value = self.execute_callable()
  File "/home/airflow/.local/lib/python3.8/site-packages/airflow/operators/python.py", line 209, in execute_callable
    return self.python_callable(*self.op_args, **self.op_kwargs)
  File "/opt/airflow/dags/dag_1.py", line 162, in run_fraud_detection
    subprocess.run(["hive", "-e", query])
  File "/usr/local/lib/python3.8/subprocess.py", line 493, in run
    with Popen(*popenargs, **kwargs) as process:
  File "/usr/local/lib/python3.8/subprocess.py", line 858, in __init__
    self._execute_child(args, executable, preexec_fn, close_fds,
  File "/usr/local/lib/python3.8/subprocess.py", line 1720, in _execute_child
    raise child_exception_type(errno_num, err_msg, err_filename)
PermissionError: [Errno 13] Permission denied: 'hive'
[2025-03-19T21:32:41.255+0000] {taskinstance.py:1398} INFO - Marking task as FAILED. dag_id=fraud_detection_pipeline, task_id=run_fraud_detection, execution_date=20250318T000000, start_date=20250319T213240, end_date=20250319T213241
[2025-03-19T21:32:41.276+0000] {standard_task_runner.py:104} ERROR - Failed to execute job 3492 for task run_fraud_detection ([Errno 13] Permission denied: 'hive'; 11717)
[2025-03-19T21:32:41.332+0000] {local_task_job_runner.py:228} INFO - Task exited with return code 1
[2025-03-19T21:32:41.361+0000] {taskinstance.py:2776} INFO - 0 downstream tasks scheduled from follow-on schedule check
